<?xml version="1.0" encoding="UTF-8"?>
<!-- Generated by org.testng.reporters.JUnitXMLReporter -->
<testsuite ignored="0" hostname="Stig-laptop" failures="0" tests="10" name="ChromeTest" time="29.691" errors="0" timestamp="2025-03-23T17:43:07 IST">
  <testcase classname="test_script.Managefooter_test" name="footerText" time="2.393"/>
  <testcase classname="test_script.Logout_test" name="logout" time="0.843"/>
  <testcase classname="test_script.ManageContacts_test" name="manageContact" time="2.043"/>
  <testcase classname="test_script.Login_test" name="verifyInvalidUsernameAndPassword" time="0.392"/>
  <testcase classname="test_script.Login_test" name="verifyInvalidePasswordEntry" time="0.433"/>
  <testcase classname="test_script.Login_test" name="verifyInvalideUserNameEntry" time="0.532"/>
  <testcase classname="test_script.Login_test" name="verifyLoginWithValidCredentials" time="0.514"/>
  <testcase classname="test_script.AdminUsers_test" name="input_AdminUserDetails" time="2.496"/>
  <testcase classname="test_script.ManageNews_test" name="login" time="1.341"/>
  <testcase classname="test_script.AdminUsers_test" name="delete_AdminUserDetails" time="1.304"/>
</testsuite> <!-- ChromeTest -->
