<?xml version="1.0" encoding="UTF-8"?>
<testng-results ignored="0" total="2" passed="2" failed="0" skipped="0">
  <reporter-output>
  </reporter-output>
  <suite started-at="2025-04-02T01:30:40 IST" name="Suite" finished-at="2025-04-02T01:30:51 IST" duration-ms="10488">
    <groups>
    </groups>
    <test started-at="2025-04-02T01:30:40 IST" name="Test" finished-at="2025-04-02T01:30:51 IST" duration-ms="10488">
      <class name="test_script.AdminUsers_test">
        <test-method is-config="true" signature="initializerbrowser(java.lang.String)[pri:0, instance:test_script.AdminUsers_test@1a4927d6]" started-at="2025-04-02T01:30:40 IST" name="initializerbrowser" finished-at="2025-04-02T01:30:43 IST" duration-ms="2860" status="PASS">
          <params>
            <param index="0">
              <value>
                <![CDATA[chrome]]>
              </value>
            </param>
          </params>
          <reporter-output>
          </reporter-output>
        </test-method> <!-- initializerbrowser -->
        <test-method signature="input_AdminUserDetails()[pri:1, instance:test_script.AdminUsers_test@1a4927d6]" started-at="2025-04-02T01:30:43 IST" name="input_AdminUserDetails" description="input_AdminUserDetails" finished-at="2025-04-02T01:30:47 IST" duration-ms="3601" status="PASS">
          <reporter-output>
          </reporter-output>
        </test-method> <!-- input_AdminUserDetails -->
        <test-method is-config="true" signature="quitandclose(org.testng.ITestResult)[pri:0, instance:test_script.AdminUsers_test@1a4927d6]" started-at="2025-04-02T01:30:47 IST" name="quitandclose" finished-at="2025-04-02T01:30:47 IST" duration-ms="206" status="PASS">
          <params>
            <param index="0">
              <value>
                <![CDATA[[TestResult name=input_AdminUserDetails status=SUCCESS method=AdminUsers_test.input_AdminUserDetails()[pri:1, instance:test_script.AdminUsers_test@1a4927d6] output={null}]]]>
              </value>
            </param>
          </params>
          <reporter-output>
          </reporter-output>
        </test-method> <!-- quitandclose -->
        <test-method is-config="true" signature="initializerbrowser(java.lang.String)[pri:0, instance:test_script.AdminUsers_test@1a4927d6]" started-at="2025-04-02T01:30:47 IST" name="initializerbrowser" finished-at="2025-04-02T01:30:49 IST" duration-ms="1979" status="PASS">
          <params>
            <param index="0">
              <value>
                <![CDATA[chrome]]>
              </value>
            </param>
          </params>
          <reporter-output>
          </reporter-output>
        </test-method> <!-- initializerbrowser -->
        <test-method signature="delete_AdminUserDetails()[pri:2, instance:test_script.AdminUsers_test@1a4927d6]" started-at="2025-04-02T01:30:49 IST" name="delete_AdminUserDetails" finished-at="2025-04-02T01:30:51 IST" duration-ms="1540" status="PASS">
          <reporter-output>
          </reporter-output>
        </test-method> <!-- delete_AdminUserDetails -->
        <test-method is-config="true" signature="quitandclose(org.testng.ITestResult)[pri:0, instance:test_script.AdminUsers_test@1a4927d6]" started-at="2025-04-02T01:30:51 IST" name="quitandclose" finished-at="2025-04-02T01:30:51 IST" duration-ms="250" status="PASS">
          <params>
            <param index="0">
              <value>
                <![CDATA[[TestResult name=delete_AdminUserDetails status=SUCCESS method=AdminUsers_test.delete_AdminUserDetails()[pri:2, instance:test_script.AdminUsers_test@1a4927d6] output={null}]]]>
              </value>
            </param>
          </params>
          <reporter-output>
          </reporter-output>
        </test-method> <!-- quitandclose -->
      </class> <!-- test_script.AdminUsers_test -->
    </test> <!-- Test -->
  </suite> <!-- Suite -->
</testng-results>
