<?xml version="1.0" encoding="UTF-8"?>
<!-- Generated by org.testng.reporters.JUnitXMLReporter -->
<testsuite ignored="0" hostname="Stig-laptop" failures="1" tests="6" name="Test2" time="22.408" errors="0" timestamp="2025-03-24T00:10:00 IST">
  <testcase classname="test_script.Managefooter_test" name="footerText" time="0.23">
    <failure type="org.apache.poi.openxml4j.exceptions.NotOfficeXmlFileException" message="No valid entries or contents found, this is not a valid OOXML (Office Open XML) file">
      <![CDATA[org.apache.poi.openxml4j.exceptions.NotOfficeXmlFileException: No valid entries or contents found, this is not a valid OOXML (Office Open XML) file
at org.apache.poi.openxml4j.util.ZipArchiveThresholdInputStream.getNextEntry(ZipArchiveThresholdInputStream.java:156)
at org.apache.poi.openxml4j.util.ZipInputStreamZipEntrySource.<init>(ZipInputStreamZipEntrySource.java:94)
at org.apache.poi.openxml4j.opc.ZipPackage.<init>(ZipPackage.java:132)
at org.apache.poi.openxml4j.opc.OPCPackage.open(OPCPackage.java:319)
at org.apache.poi.ooxml.util.PackageHelper.open(PackageHelper.java:59)
at org.apache.poi.xssf.usermodel.XSSFWorkbook.<init>(XSSFWorkbook.java:290)
at org.apache.poi.xssf.usermodel.XSSFWorkbook.<init>(XSSFWorkbook.java:286)
at utilities.Excel_utilities.getStringdata(Excel_utilities.java:25)
at test_script.Managefooter_test.footerText(Managefooter_test.java:17)
at java.base/java.util.ArrayList.forEach(ArrayList.java:1511)
at java.base/java.util.concurrent.FutureTask.run(FutureTask.java:264)
at java.base/java.util.concurrent.ThreadPoolExecutor.runWorker(ThreadPoolExecutor.java:1136)
at java.base/java.util.concurrent.ThreadPoolExecutor$Worker.run(ThreadPoolExecutor.java:635)
at java.base/java.lang.Thread.run(Thread.java:842)
Caused by: java.util.zip.ZipException: Unexpected record signature: 0XD38BE41F
at org.apache.commons.compress.archivers.zip.ZipArchiveInputStream.getNextZipEntry(ZipArchiveInputStream.java:296)
at org.apache.poi.openxml4j.util.ZipArchiveThresholdInputStream.getNextEntry(ZipArchiveThresholdInputStream.java:152)
... 30 more
... Removed 17 stack frames]]>
    </failure>
  </testcase> <!-- footerText -->
  <testcase classname="test_script.Login_test" name="verifyInvalidUsernameAndPassword" time="0.872"/>
  <testcase classname="test_script.Login_test" name="verifyInvalidePasswordEntry" time="0.97"/>
  <testcase classname="test_script.Login_test" name="verifyInvalideUserNameEntry" time="0.799"/>
  <testcase classname="test_script.Login_test" name="verifyLoginWithValidCredentials" time="1.103"/>
  <testcase classname="test_script.ManageNews_test" name="login" time="1.854"/>
</testsuite> <!-- Test2 -->
