<?xml version="1.0" encoding="UTF-8"?>
<!-- Generated by org.testng.reporters.JUnitXMLReporter -->
<testsuite ignored="0" hostname="Stig-laptop" failures="0" tests="10" name="ChromeTest" time="55.519" errors="0" timestamp="2025-03-23T16:55:25 IST">
  <testcase classname="test_script.AdminUsers_test" name="input_AdminUserDetails" time="3.917"/>
  <testcase classname="test_script.AdminUsers_test" name="delete_AdminUserDetails" time="1.85"/>
  <testcase classname="test_script.ManageContacts_test" name="manageContact" time="2.865"/>
  <testcase classname="test_script.Logout_test" name="logout" time="1.521"/>
  <testcase classname="test_script.ManageNews_test" name="login" time="2.179"/>
  <testcase classname="test_script.Managefooter_test" name="footerText" time="2.983"/>
  <testcase classname="test_script.Login_test" name="verifyInvalidUsernameAndPassword" time="0.671"/>
  <testcase classname="test_script.Login_test" name="verifyInvalidePasswordEntry" time="0.77"/>
  <testcase classname="test_script.Login_test" name="verifyInvalideUserNameEntry" time="0.775"/>
  <testcase classname="test_script.Login_test" name="verifyLoginWithValidCredentials" time="1.335"/>
</testsuite> <!-- ChromeTest -->
