<?xml version="1.0" encoding="UTF-8"?>
<!-- Generated by org.testng.reporters.JUnitXMLReporter -->
<testsuite ignored="0" hostname="Stig-laptop" failures="0" tests="10" name="Test" time="37.212" errors="0" timestamp="2025-03-23T23:24:13 IST">
  <testcase classname="test_script.AdminUsers_test" name="input_AdminUserDetails" time="3.741"/>
  <testcase classname="test_script.AdminUsers_test" name="delete_AdminUserDetails" time="1.741"/>
  <testcase classname="test_script.ManageContacts_test" name="manageContact" time="2.604"/>
  <testcase classname="test_script.Logout_test" name="logout" time="1.198"/>
  <testcase classname="test_script.ManageNews_test" name="login" time="1.959"/>
  <testcase classname="test_script.Managefooter_test" name="footerText" time="2.25"/>
  <testcase classname="test_script.Login_test" name="verifyInvalidUsernameAndPassword" time="0.49"/>
  <testcase classname="test_script.Login_test" name="verifyInvalidePasswordEntry" time="0.501"/>
  <testcase classname="test_script.Login_test" name="verifyInvalideUserNameEntry" time="0.618"/>
  <testcase classname="test_script.Login_test" name="verifyLoginWithValidCredentials" time="0.749"/>
</testsuite> <!-- Test -->
